ATL : 2 - 0    H 109-105, A 102-92
BKN : 2 - 0    A 114-98, H 107-99
BOS : 1 - 1    H 106-109, A 124-119
CHA : 2 - 0    H 111-101, A 116-99
CHI : 2 - 0    A 125-94, H 106-94
CLE : 2 - 0    A 132-98, H 89-83
DAL : 3 - 1    H 128-120, A 130-112, H 127-107, A 91-114
DEN : 3 - 1    A 110-112, H 111-108, A 118-105, H 119-104
DET : 1 - 1    A 95-113, H 109-95
HOU : 3 - 0    H 123-110, A 114-110, A 112-92
IND : 2 - 0    H 122-110, A 131-123
LAC : 4 - 0    H 114-98, A 115-112, A 124-117, H 112-108
LAL : 3 - 1    A 95-112, H 116-98, A 109-88, H 111-77
MEM : 4 - 0    H 125-104, A 100-99, A 100-84, H 119-69
MIA : 2 - 0    A 118-112, H 111-103
MIL : 1 - 1    H 121-112, A 95-108
MIN : 2 - 1    H 117-124, A 109-104, A 129-116
NOP : 3 - 0    H 125-107, A 134-120, H 111-95
NYK : 2 - 0    H 121-85, A 116-95
OKC : 3 - 0    H 121-106, A 121-118, H 116-108
ORL : 2 - 0    H 119-113, A 130-114
PHI : 2 - 0    H 117-105, A 108-105
PHX : 4 - 0    H 123-116, A 112-104, H 128-103, A 135-116
POR : 3 - 1    H 136-111, H 128-112, A 105-137, A 128-108
SAC : 4 - 0    A 128-116, H 122-103, H 120-101, A 103-94
SAS : 3 - 1    A 92-86, H 112-101, A 79-87, H 120-90
TOR : 2 - 0    A 112-109, H 115-110
UTA : 4 - 0    A 103-96, H 115-94, H 103-85, A 106-103
WAS : 2 - 0    H 102-94, A 134-121
     -------
     73 - 9    Home: 39 - 2, Away: 34 - 7
     -------